Removed Pin From Net: NetName=PROG Pin=R2-2
Removed Pin From Net: NetName=GND Pin=R3-1
Removed Pin From Net: NetName=FMOSI Pin=R6-2
Removed Pin From Net: NetName=GND Pin=R7-1
Removed Pin From Net: NetName=FCSN Pin=R9-2
Removed Pin From Net: NetName=GND Pin=R10-1
Removed Pin From Net: NetName=FSCK Pin=R13-2
Removed Pin From Net: NetName=GND Pin=R14-1
Removed Member From Class: ClassName=ruka Member=R2
Removed Member From Class: ClassName=ruka Member=R3
Removed Member From Class: ClassName=ruka Member=R6
Removed Member From Class: ClassName=ruka Member=R7
Removed Member From Class: ClassName=ruka Member=R9
Removed Member From Class: ClassName=ruka Member=R10
Removed Member From Class: ClassName=ruka Member=R13
Removed Member From Class: ClassName=ruka Member=R14
Added Pin To Net: NetName=FSCK Pin=1-P0.5
Added Pin To Net: NetName=FMOSI Pin=1-P0.7
Added Pin To Net: NetName=FCSN Pin=1-P1.1
Added Pin To Net: NetName=PROG Pin=1-PROG
